<?xml version="1.0" encoding="UTF-8"?>
<!-- Generated by org.testng.reporters.JUnitXMLReporter -->
<testsuite ignored="0" hostname="DESKTOP-2FHVOKV" failures="0" tests="18" name="Default test" time="0.169" errors="0" timestamp="2021-04-07T14:56:10 IDT">
  <testcase classname="convert.TestConverting" name="testway1" time="0.011"/>
  <testcase classname="convert.TestConverting" name="testway1" time="0.003"/>
  <testcase classname="convert.TestConverting" name="testway1" time="0.001"/>
  <testcase classname="convert.TestConverting" name="testway1" time="0.009"/>
  <testcase classname="convert.TestConverting" name="testway1" time="0.004"/>
  <testcase classname="convert.TestConverting" name="testway1" time="0.001"/>
  <testcase classname="convert.TestConverting" name="testway2" time="0.005"/>
  <testcase classname="convert.TestConverting" name="testway2" time="0.005"/>
  <testcase classname="convert.TestConverting" name="testway2" time="0.002"/>
  <testcase classname="convert.TestConverting" name="testway2" time="0.001"/>
  <testcase classname="convert.TestConverting" name="testway2" time="0.002"/>
  <testcase classname="convert.TestConverting" name="testway2" time="0.003"/>
  <testcase classname="convert.TestConverting" name="testway3" time="0.003"/>
  <testcase classname="convert.TestConverting" name="testway3" time="0.001"/>
  <testcase classname="convert.TestConverting" name="testway3" time="0.001"/>
  <testcase classname="convert.TestConverting" name="testway3" time="0.002"/>
  <testcase classname="convert.TestConverting" name="testway3" time="0.001"/>
  <testcase classname="convert.TestConverting" name="testway3" time="0.011"/>
</testsuite> <!-- Default test -->
